<?xml version="1.0" encoding="UTF-8"?>
<testsuite xmlns:xsi="http://www.w3.org/2001/XMLSchema-instance" xsi:noNamespaceSchemaLocation="https://maven.apache.org/surefire/maven-surefire-plugin/xsd/surefire-test-report-3.0.xsd" version="3.0" name="ru.glazov66.tests.CategoryTests" time="2.841" tests="6" errors="0" skipped="0" failures="0">
  <properties>
[...]
</properties>
  <testcase name="getCategoryByIncorrectIdTest(int)[1]" classname="ru.glazov66.tests.CategoryTests" time="1.051">
    <system-out><![CDATA[1086
404
13:08:57.440 [main] INFO ru.glazov66.tests.CategoryTests - Response{protocol=http/1.1, code=404, message=, url=http://80.78.248.82:8189/market/api/v1/categories/-3}
]]></system-out>
    <system-err><![CDATA[июл. 23, 2021 1:08:57 PM okhttp3.internal.platform.Platform log
INFO: --> GET http://80.78.248.82:8189/market/api/v1/categories/-3
июл. 23, 2021 1:08:57 PM okhttp3.internal.platform.Platform log
INFO: <-- 404 http://80.78.248.82:8189/market/api/v1/categories/-3 (122ms, unknown-length body)
]]></system-err>
  </testcase>
  <testcase name="getCategoryByIncorrectIdTest(int)[2]" classname="ru.glazov66.tests.CategoryTests" time="0.061">
    <system-out><![CDATA[1031
404
13:08:57.850 [main] INFO ru.glazov66.tests.CategoryTests - Response{protocol=http/1.1, code=404, message=, url=http://80.78.248.82:8189/market/api/v1/categories/12}
]]></system-out>
    <system-err><![CDATA[июл. 23, 2021 1:08:57 PM okhttp3.internal.platform.Platform log
INFO: --> GET http://80.78.248.82:8189/market/api/v1/categories/12
июл. 23, 2021 1:08:57 PM okhttp3.internal.platform.Platform log
INFO: <-- 404 http://80.78.248.82:8189/market/api/v1/categories/12 (7ms, unknown-length body)
]]></system-err>
  </testcase>
  <testcase name="getCategoryByIncorrectIdTest(int)[3]" classname="ru.glazov66.tests.CategoryTests" time="0.062">
    <system-out><![CDATA[1058
404
13:08:57.918 [main] INFO ru.glazov66.tests.CategoryTests - Response{protocol=http/1.1, code=404, message=, url=http://80.78.248.82:8189/market/api/v1/categories/0}
]]></system-out>
    <system-err><![CDATA[июл. 23, 2021 1:08:57 PM okhttp3.internal.platform.Platform log
INFO: --> GET http://80.78.248.82:8189/market/api/v1/categories/0
июл. 23, 2021 1:08:57 PM okhttp3.internal.platform.Platform log
INFO: <-- 404 http://80.78.248.82:8189/market/api/v1/categories/0 (7ms, unknown-length body)
]]></system-err>
  </testcase>
  <testcase name="getCategoryByIncorrectIdTest(int)[4]" classname="ru.glazov66.tests.CategoryTests" time="0.074">
    <system-out><![CDATA[1075
404
13:08:57.987 [main] INFO ru.glazov66.tests.CategoryTests - Response{protocol=http/1.1, code=404, message=, url=http://80.78.248.82:8189/market/api/v1/categories/1000000000}
]]></system-out>
    <system-err><![CDATA[июл. 23, 2021 1:08:57 PM okhttp3.internal.platform.Platform log
INFO: --> GET http://80.78.248.82:8189/market/api/v1/categories/1000000000
июл. 23, 2021 1:08:57 PM okhttp3.internal.platform.Platform log
INFO: <-- 404 http://80.78.248.82:8189/market/api/v1/categories/1000000000 (7ms, unknown-length body)
]]></system-err>
  </testcase>
  <testcase name="getCategoryByIdTest" classname="ru.glazov66.tests.CategoryTests" time="0.276">
    <system-out><![CDATA[Product(id=9727, title=Cucumber, price=3933, categoryTitle=Food)
13:08:58.257 [main] INFO ru.glazov66.tests.CategoryTests - Category(id=1, title=Food, products=[Product(id=9774, title=Papaw, price=0, categoryTitle=Food), Product(id=9727, title=Cucumber, price=3933, categoryTitle=Food), Product(id=9254, title=Coconut Oil, price=1000000000, categoryTitle=Food), Product(id=10349, title=Caesar Salad, price=0, categoryTitle=Food), Product(id=9146, title=Massaman Curry, price=1000000000, categoryTitle=Food), Product(id=10378, title=, price=0, categoryTitle=Food), Product(id=10399, title=support@geekbrains.ru, price=178, categoryTitle=Food), Product(id=9159, title=null, price=1000000000, categoryTitle=Food), Product(id=9165, title=Pasta and Beans, price=1000000000, categoryTitle=Food), Product(id=9175, title=Flat Mushrooms, price=66, categoryTitle=Food), Product(id=9235, title=Okra, price=191, categoryTitle=Food), Product(id=9345, title=Lamb, price=206, categoryTitle=Food), Product(id=9302, title=Vermicelli Noodles, price=530, categoryTitle=Food), Product(id=9207, title=Dried Apricots, price=36, categoryTitle=Food), Product(id=9347, title=Corn Syrup, price=331, categoryTitle=Food), Product(id=9216, title=Semolina, price=612, categoryTitle=Food), Product(id=9311, title=Celery Seed, price=169, categoryTitle=Food), Product(id=9392, title=Vanilla Beans, price=124, categoryTitle=Food), Product(id=9218, title=Cucumber, price=189, categoryTitle=Food), Product(id=9356, title=Wheat, price=999, categoryTitle=Food), Product(id=9171, title=Green Pepper, price=0, categoryTitle=Food), Product(id=9314, title=Soba, price=864, categoryTitle=Food), Product(id=9315, title=Sun dried tomatoes, price=601, categoryTitle=Food), Product(id=9172, title=Green beans, price=-250, categoryTitle=Food), Product(id=9317, title=Edamame, price=337, categoryTitle=Food), Product(id=9329, title=Koshihikari rice, price=120, categoryTitle=Food), Product(id=9359, title=Oyster Mushrooms, price=306, categoryTitle=Food), Product(id=9360, title=Yoghurt, price=318, categoryTitle=Food), Product(id=9174, title=Tangelo, price=1000000000, categoryTitle=Food), Product(id=9362, title=Whiting Wild Rice, price=28, categoryTitle=Food), Product(id=9326, title=Bonza, price=460, categoryTitle=Food), Product(id=9186, title=Banana, price=0, categoryTitle=Food), Product(id=9233, title=Mastic, price=-250, categoryTitle=Food), Product(id=9190, title=Mozzarella, price=1000000000, categoryTitle=Food), Product(id=9371, title=Corn Syrup, price=783, categoryTitle=Food), Product(id=9374, title=Basil Basmati rice, price=495, categoryTitle=Food), Product(id=9375, title=Spearmint, price=287, categoryTitle=Food), Product(id=9250, title=Beef Stock, price=0, categoryTitle=Food), Product(id=9377, title=Mulberries, price=221, categoryTitle=Food), Product(id=9390, title=Malt vinegar, price=-250, categoryTitle=Food), Product(id=10382, title=Salmon Nigiri, price=120, categoryTitle=Food), Product(id=9344, title=Sesame Oil, price=1000000000, categoryTitle=Food), Product(id=9435, title=90, price=100, categoryTitle=Food), Product(id=9386, title=Beans, price=773, categoryTitle=Food), Product(id=9436, title=120, price=100, categoryTitle=Food), Product(id=9437, title=-120, price=100, categoryTitle=Food), Product(id=9438, title=-120, price=-2147483647, categoryTitle=Food), Product(id=9403, title=Bread, price=100, categoryTitle=Food), Product(id=9404, title=Bread, price=2147483647, categoryTitle=Food), Product(id=9405, title=Bread, price=2147483647, categoryTitle=Food), Product(id=9406, title=Bread, price=2147483647, categoryTitle=Food), Product(id=9407, title=Bread, price=-2147483647, categoryTitle=Food), Product(id=9408, title=Bread, price=-2147483647, categoryTitle=Food), Product(id=9409, title=Bread, price=-2147483648, categoryTitle=Food), Product(id=9410, title=Bread, price=-2147483647, categoryTitle=Food), Product(id=9411, title=, price=-2147483647, categoryTitle=Food), Product(id=9412, title=89, price=-2147483647, categoryTitle=Food), Product(id=9418, title=Vegetable spaghetti, price=462, categoryTitle=Food), Product(id=9419, title=Koshihikari rice, price=84, categoryTitle=Food), Product(id=9421, title=Brown Rice, price=418, categoryTitle=Food), Product(id=9439, title=-120, price=-2147483648, categoryTitle=Food), Product(id=9440, title=-120, price=-2147483648, categoryTitle=Food), Product(id=9430, title=Cassia bark, price=282, categoryTitle=Food), Product(id=9441, title=, price=-2147483648, categoryTitle=Food), Product(id=9432, title=Bread, price=100, categoryTitle=Food), Product(id=9433, title=Zucchini, price=139, categoryTitle=Food), Product(id=9434, title=Bread, price=100, categoryTitle=Food), Product(id=9444, title=CarobCarrot, price=243, categoryTitle=Food), Product(id=9446, title=Cucumber, price=537, categoryTitle=Food), Product(id=9461, title=null, price=131, categoryTitle=Food), Product(id=9462, title=-78, price=-2147483648, categoryTitle=Food), Product(id=9455, title=Flaxseed, price=824, categoryTitle=Food), Product(id=9463, title=null, price=172, categoryTitle=Food), Product(id=9458, title=null, price=195, categoryTitle=Food), Product(id=9459, title=null, price=160, categoryTitle=Food), Product(id=9460, title=null, price=198, categoryTitle=Food), Product(id=9468, title=89, price=-2147483648, categoryTitle=Food), Product(id=9470, title=Avocado, price=226, categoryTitle=Food), Product(id=9471, title=Taleggio cheese, price=528, categoryTitle=Food), Product(id=9473, title=Sausages, price=393, categoryTitle=Food), Product(id=9482, title=Onion, price=43, categoryTitle=Food), Product(id=9485, title=false, price=-2147483648, categoryTitle=Food), Product(id=9484, title=true, price=-2147483648, categoryTitle=Food), Product(id=9486, title=success, price=100, categoryTitle=Food), Product(id=9487, title=false, price=100, categoryTitle=Food), Product(id=9491, title=Macadamia oil, price=220, categoryTitle=Food), Product(id=9492, title=Squash, price=213, categoryTitle=Food), Product(id=9494, title=Oysters, price=675, categoryTitle=Food), Product(id=9503, title=Chilli Pepper, price=94, categoryTitle=Food), Product(id=9510, title=tema, price=12, categoryTitle=Food), Product(id=9511, title=tema, price=78, categoryTitle=Food), Product(id=9512, title=Bread, price=100, categoryTitle=Food), Product(id=9513, title=Bread, price=100, categoryTitle=Food), Product(id=9514, title=Bread, price=100, categoryTitle=Food), Product(id=9515, title=12.34, price=100, categoryTitle=Food), Product(id=9518, title=title of.., price=3200, categoryTitle=Food), Product(id=9519, title=title of.., price=0, categoryTitle=Food), Product(id=9520, title=title of.., price=0, categoryTitle=Food), Product(id=9522, title=Green beans, price=-9000, categoryTitle=Food), Product(id=9523, title=title of.., price=2147483647, categoryTitle=Food), Product(id=9524, title=title of.., price=2147483, categoryTitle=Food), Product(id=9076, title= , price=100, categoryTitle=Food), Product(id=9525, title=Water, price=100, categoryTitle=Food), Product(id=9526, title=Water, price=100, categoryTitle=Food), Product(id=9527, title=Water, price=100, categoryTitle=Food), Product(id=9528, title=Pho, price=115, categoryTitle=Food), Product(id=9740, title=null, price=0, categoryTitle=Food), Product(id=9531, title=Lentils, price=584, categoryTitle=Food), Product(id=9532, title=Red Wine Vinegar, price=14, categoryTitle=Food), Product(id=10322, title=Bok Choy, price=7463, categoryTitle=Food), Product(id=9534, title=Anchovies, price=443, categoryTitle=Food), Product(id=10364, title=California Maki, price=969, categoryTitle=Food), Product(id=9924, title=Water, price=100, categoryTitle=Food), Product(id=10369, title=, price=114, categoryTitle=Food), Product(id=10370, title=12345, price=160, categoryTitle=Food), Product(id=9543, title=Dried Apricots, price=399, categoryTitle=Food), Product(id=9679, title=Peking Duck, price=124, categoryTitle=Food), Product(id=9546, title=Crabs, price=230, categoryTitle=Food), Product(id=9547, title=Gruyere, price=974, categoryTitle=Food), Product(id=9549, title=Fennel Seeds, price=804, categoryTitle=Food), Product(id=9785, title=Seafood Paella, price=107, categoryTitle=Food), Product(id=9786, title=Chilli con Carne, price=170, categoryTitle=Food), Product(id=9783, title=Pasta with Tomato and Basil, price=108, categoryTitle=Food), Product(id=9558, title=Swiss Chard, price=180, categoryTitle=Food), Product(id=9787, title=Chilli Pepper, price=137, categoryTitle=Food), Product(id=9561, title=Potatoes, price=667, categoryTitle=Food), Product(id=9562, title=Cake, price=8, categoryTitle=Food), Product(id=9788, title=Brussels Sprouts, price=-9000, categoryTitle=Food), Product(id=9564, title=Fennel, price=557, categoryTitle=Food), Product(id=9791, title=null, price=144, categoryTitle=Food), Product(id=9001, title=Kohlrabi, price=-7500, categoryTitle=Food), Product(id=9680, title=Pasta Carbonara, price=133, categoryTitle=Food), Product(id=9573, title=Monkfish, price=616, categoryTitle=Food), Product(id=9618, title=Squid, price=837, categoryTitle=Food), Product(id=9576, title=UnbleachedFlour, price=529, categoryTitle=Food), Product(id=9577, title=Cardamom, price=293, categoryTitle=Food), Product(id=9579, title=Green Tea noodles, price=446, categoryTitle=Food), Product(id=9799, title=Tiramisù, price=157, categoryTitle=Food), Product(id=9800, title=Fettuccine Alfredo, price=181, categoryTitle=Food), Product(id=9801, title=Caprese Salad, price=125, categoryTitle=Food), Product(id=9681, title=Bruschette with Tomato, price=144, categoryTitle=Food), Product(id=9588, title=Parrotfish, price=154, categoryTitle=Food), Product(id=9808, title=Pasta Carbonara, price=177, categoryTitle=Food), Product(id=9620, title=Bd, price=100, categoryTitle=Food), Product(id=9591, title=Butternut lettuce, price=609, categoryTitle=Food), Product(id=9592, title=Lamb, price=436, categoryTitle=Food), Product(id=9594, title=Tapioca, price=806, categoryTitle=Food), Product(id=9603, title=Butternut pumpkin, price=192, categoryTitle=Food), Product(id=9623, title=Asafoetida, price=2160, categoryTitle=Food), Product(id=9606, title=Sesame Seeds, price=533, categoryTitle=Food), Product(id=9607, title=Smoked Trout, price=949, categoryTitle=Food), Product(id=9609, title=Lychees, price=693, categoryTitle=Food), Product(id=9625, title=T-shirt, price=400, categoryTitle=Food), Product(id=9627, title=Chilli Pepper, price=157, categoryTitle=Food), Product(id=9628, title=Cucumber, price=-9000, categoryTitle=Food), Product(id=9631, title=null, price=154, categoryTitle=Food), Product(id=9636, title=Iceberg lettuce, price=183, categoryTitle=Food), Product(id=9637, title=Beans, price=-9000, categoryTitle=Food), Product(id=9640, title=null, price=184, categoryTitle=Food), Product(id=9644, title=Peking Duck, price=137, categoryTitle=Food), Product(id=9645, title=Pork Sausage Roll, price=168, categoryTitle=Food), Product(id=9646, title=Pizza, price=140, categoryTitle=Food), Product(id=9647, title=Pasta and Beans, price=134, categoryTitle=Food), Product(id=9648, title=Chicken Wings, price=137, categoryTitle=Food), Product(id=9649, title=Linguine with Clams, price=171, categoryTitle=Food), Product(id=9650, title=Meatballs with Sauce, price=168, categoryTitle=Food), Product(id=9651, title=Pasta with Tomato and Basil, price=168, categoryTitle=Food), Product(id=9652, title=Fettuccine Alfredo, price=132, categoryTitle=Food), Product(id=9654, title=Chilli con Carne, price=138, categoryTitle=Food), Product(id=9655, title=Bunny Chow, price=961, categoryTitle=Food), Product(id=9656, title=French Toast, price=901, categoryTitle=Food), Product(id=9657, title=Ricotta Stuffed Ravioli, price=125, categoryTitle=Food), Product(id=9658, title=Chicken Milanese, price=136, categoryTitle=Food), Product(id=9659, title=Chicken Wings, price=190, categoryTitle=Food), Product(id=9661, title=Souvlaki, price=110, categoryTitle=Food), Product(id=9662, title=Vegetable Soup, price=104, categoryTitle=Food), Product(id=9663, title=Sushi, price=184, categoryTitle=Food), Product(id=9670, title=Caesar Salad, price=185, categoryTitle=Food), Product(id=9671, title=Pho, price=193, categoryTitle=Food), Product(id=9672, title=Stinky Tofu, price=187, categoryTitle=Food), Product(id=9673, title=Peking Duck, price=139, categoryTitle=Food), Product(id=9674, title=Arepas, price=104, categoryTitle=Food), Product(id=9676, title=Bunny Chow, price=950, categoryTitle=Food), Product(id=9677, title=Souvlaki, price=525, categoryTitle=Food), Product(id=9682, title=Katsu Curry, price=164, categoryTitle=Food), Product(id=9683, title=Kebab, price=100, categoryTitle=Food), Product(id=9684, title=Sushi, price=178, categoryTitle=Food), Product(id=9689, title=null, price=110, categoryTitle=Food), Product(id=9690, title=null, price=140, categoryTitle=Food), Product(id=9691, title=null, price=111, categoryTitle=Food), Product(id=9692, title=null, price=100, categoryTitle=Food), Product(id=9708, title=Cauliflower Penne, price=1864, categoryTitle=Food), Product(id=9709, title=Arepas, price=1551, categoryTitle=Food), Product(id=9724, title=Quinoa, price=5492, categoryTitle=Food), Product(id=9810, title=Buttermilk, price=985, categoryTitle=Food), Product(id=9811, title=Kangaroo, price=933, categoryTitle=Food), Product(id=9910, title=Cos lettuce, price=184, categoryTitle=Food), Product(id=9813, title=Pasta with Tomato and Basil, price=149, categoryTitle=Food), Product(id=9814, title=Meatballs with Sauce, price=105, categoryTitle=Food), Product(id=9815, title=Tiramisù, price=180, categoryTitle=Food), Product(id=9911, title=Kale, price=-9000, categoryTitle=Food), Product(id=9914, title=null, price=172, categoryTitle=Food), Product(id=9822, title=Tacos, price=180, categoryTitle=Food), Product(id=10331, title=Lasagne, price=587, categoryTitle=Food), Product(id=9921, title=Cucumber, price=3933, categoryTitle=Food), Product(id=9922, title=Огурец, price=3933, categoryTitle=Food), Product(id=9925, title=Water, price=100, categoryTitle=Food), Product(id=9926, title=Water, price=100, categoryTitle=Food), Product(id=9927, title=Water, price=100, categoryTitle=Food), Product(id=9928, title=Water, price=100, categoryTitle=Food), Product(id=9929, title=Katsu Curry, price=162, categoryTitle=Food), Product(id=9930, title=, price=197, categoryTitle=Food), Product(id=9931, title=12345, price=101, categoryTitle=Food), Product(id=9932, title=##$$@@, price=104, categoryTitle=Food), Product(id=9933, title=support@geekbrains.ru, price=188, categoryTitle=Food), Product(id=9934, title=, price=129, categoryTitle=Food), Product(id=9835, title=Bruschette with Tomato, price=150, categoryTitle=Food), Product(id=9935, title=12345, price=189, categoryTitle=Food), Product(id=9936, title=##$$@@, price=123, categoryTitle=Food), Product(id=9937, title=support@geekbrains.ru, price=128, categoryTitle=Food), Product(id=9938, title=, price=140, categoryTitle=Food), Product(id=9939, title=12345, price=163, categoryTitle=Food), Product(id=9940, title=##$$@@, price=180, categoryTitle=Food), Product(id=9841, title=Capers, price=117, categoryTitle=Food), Product(id=9842, title=Kohlrabi, price=167, categoryTitle=Food), Product(id=9941, title=support@geekbrains.ru, price=142, categoryTitle=Food), Product(id=9942, title=, price=118, categoryTitle=Food), Product(id=9943, title=12345, price=113, categoryTitle=Food), Product(id=9944, title=##$$@@, price=167, categoryTitle=Food), Product(id=9945, title=support@geekbrains.ru, price=157, categoryTitle=Food), Product(id=9946, title=, price=191, categoryTitle=Food), Product(id=9947, title=12345, price=155, categoryTitle=Food), Product(id=9948, title=##$$@@, price=112, categoryTitle=Food), Product(id=9851, title=California Maki, price=126, categoryTitle=Food), Product(id=9949, title=support@geekbrains.ru, price=164, categoryTitle=Food), Product(id=9950, title=, price=182, categoryTitle=Food), Product(id=9951, title=12345, price=182, categoryTitle=Food), Product(id=9855, title=Pork Belly Buns, price=126, categoryTitle=Food), Product(id=9856, title=California Maki, price=150, categoryTitle=Food), Product(id=9857, title=California Maki, price=150, categoryTitle=Food), Product(id=9858, title=Sushi, price=164, categoryTitle=Food), Product(id=9859, title=Tacos, price=120, categoryTitle=Food), Product(id=9860, title=Pho, price=198, categoryTitle=Food), Product(id=9861, title=Caprese Salad, price=123, categoryTitle=Food), Product(id=9862, title=Pizza, price=165, categoryTitle=Food), Product(id=9863, title=Mushroom Risotto, price=184, categoryTitle=Food), Product(id=9864, title=Som Tam, price=173, categoryTitle=Food), Product(id=9865, title=Risotto with Seafood, price=107, categoryTitle=Food), Product(id=9866, title=Pasta with Tomato and Basil, price=135, categoryTitle=Food), Product(id=9952, title=##$$@@, price=146, categoryTitle=Food), Product(id=9870, title=Linguine with Clams, price=151, categoryTitle=Food), Product(id=9871, title=Pho, price=129, categoryTitle=Food), Product(id=9872, title=Pork, price=808, categoryTitle=Food), Product(id=9873, title=California Maki, price=128, categoryTitle=Food), Product(id=9953, title=support@geekbrains.ru, price=116, categoryTitle=Food), Product(id=9954, title=, price=105, categoryTitle=Food), Product(id=9955, title=12345, price=128, categoryTitle=Food), Product(id=9956, title=##$$@@, price=180, categoryTitle=Food), Product(id=9957, title=support@geekbrains.ru, price=192, categoryTitle=Food), Product(id=9958, title=, price=148, categoryTitle=Food), Product(id=9959, title=12345, price=189, categoryTitle=Food), Product(id=9881, title=Tuna Sashimi, price=180, categoryTitle=Food), Product(id=9960, title=##$$@@, price=195, categoryTitle=Food), Product(id=9962, title=, price=133, categoryTitle=Food), Product(id=9963, title=12345, price=188, categoryTitle=Food), Product(id=9964, title=##$$@@, price=114, categoryTitle=Food), Product(id=9965, title=support@geekbrains.ru, price=123, categoryTitle=Food), Product(id=9966, title=Souvlaki, price=171, categoryTitle=Food), Product(id=9967, title=Fish and Chips, price=123, categoryTitle=Food), Product(id=9968, title=Chicken Fajitas, price=159, categoryTitle=Food), Product(id=10336, title=, price=176, categoryTitle=Food), Product(id=10337, title=12345, price=124, categoryTitle=Food), Product(id=10338, title=##$$@@, price=109, categoryTitle=Food), Product(id=9893, title=Linguine with Clams, price=128, categoryTitle=Food), Product(id=9972, title=Poke, price=192, categoryTitle=Food), Product(id=10339, title=support@geekbrains.ru, price=175, categoryTitle=Food), Product(id=10371, title=##$$@@, price=135, categoryTitle=Food), Product(id=9983, title=Philadelphia Maki, price=120, categoryTitle=Food), Product(id=9984, title=Pizza, price=165, categoryTitle=Food), Product(id=10035, title=Bunny Chow, price=156, categoryTitle=Food), Product(id=10036, title=Barbecue Ribs, price=118, categoryTitle=Food), Product(id=10022, title=Chicken Milanese, price=611, categoryTitle=Food), Product(id=10023, title=Vegetable Soup, price=158, categoryTitle=Food), Product(id=10024, title=Pho, price=142, categoryTitle=Food), Product(id=10017, title=Pierogi, price=568, categoryTitle=Food), Product(id=10018, title=Tiramisù, price=899, categoryTitle=Food), Product(id=10037, title=Tacos, price=141, categoryTitle=Food), Product(id=10025, title=Fish and Chips, price=166, categoryTitle=Food), Product(id=10026, title=Pasta Carbonara, price=152, categoryTitle=Food), Product(id=10027, title=Cauliflower Penne, price=104, categoryTitle=Food), Product(id=10028, title=Seafood Paella, price=701, categoryTitle=Food), Product(id=10029, title=Poke, price=187, categoryTitle=Food), Product(id=10030, title=Lasagne, price=569, categoryTitle=Food), Product(id=10031, title=French Toast, price=129, categoryTitle=Food), Product(id=10032, title=Peking Duck, price=146, categoryTitle=Food), Product(id=10033, title=Massaman Curry, price=141, categoryTitle=Food), Product(id=10034, title=California Maki, price=148, categoryTitle=Food), Product(id=10038, title=Fettuccine Alfredo, price=146, categoryTitle=Food), Product(id=10039, title=Peking Duck, price=143, categoryTitle=Food), Product(id=10047, title=Peking Duck, price=154, categoryTitle=Food), Product(id=10048, title=Arepas, price=112, categoryTitle=Food), Product(id=10059, title=Mushroom Risotto, price=152, categoryTitle=Food), Product(id=10073, title=Ricotta Stuffed Ravioli, price=124, categoryTitle=Food), Product(id=10074, title=Meatballs with Sauce, price=199, categoryTitle=Food), Product(id=10082, title=Risotto with Seafood, price=172, categoryTitle=Food), Product(id=10083, title=Cucumber, price=3933, categoryTitle=Food), Product(id=10085, title=Chicken Wings, price=672, categoryTitle=Food), Product(id=10086, title=Scotch Eggs, price=886, categoryTitle=Food), Product(id=10087, title=Teriyaki Chicken Donburi, price=564, categoryTitle=Food), Product(id=10088, title=, price=102, categoryTitle=Food), Product(id=10089, title=12345, price=185, categoryTitle=Food), Product(id=10090, title=##$$@@, price=185, categoryTitle=Food), Product(id=10091, title=support@geekbrains.ru, price=104, categoryTitle=Food), Product(id=10096, title=, price=133, categoryTitle=Food), Product(id=10097, title=12345, price=121, categoryTitle=Food), Product(id=10098, title=##$$@@, price=168, categoryTitle=Food), Product(id=10099, title=support@geekbrains.ru, price=197, categoryTitle=Food), Product(id=10340, title=Teriyaki Chicken Donburi, price=818, categoryTitle=Food), Product(id=10188, title=, price=164, categoryTitle=Food), Product(id=10101, title=Pork Belly Buns, price=957, categoryTitle=Food), Product(id=10189, title=12345, price=172, categoryTitle=Food), Product(id=10190, title=##$$@@, price=116, categoryTitle=Food), Product(id=10102, title=, price=137, categoryTitle=Food), Product(id=10103, title=12345, price=170, categoryTitle=Food), Product(id=10104, title=##$$@@, price=150, categoryTitle=Food), Product(id=10105, title=support@geekbrains.ru, price=153, categoryTitle=Food), Product(id=10106, title=, price=196, categoryTitle=Food), Product(id=10107, title=12345, price=122, categoryTitle=Food), Product(id=10108, title=##$$@@, price=189, categoryTitle=Food), Product(id=10109, title=support@geekbrains.ru, price=154, categoryTitle=Food), Product(id=10191, title=support@geekbrains.ru, price=102, categoryTitle=Food), Product(id=10192, title=Kohlrabi, price=127, categoryTitle=Food), Product(id=10111, title=Peking Duck, price=685, categoryTitle=Food), Product(id=10116, title=, price=181, categoryTitle=Food), Product(id=10117, title=12345, price=128, categoryTitle=Food), Product(id=10118, title=##$$@@, price=113, categoryTitle=Food), Product(id=10119, title=support@geekbrains.ru, price=140, categoryTitle=Food), Product(id=10122, title=Pho, price=188, categoryTitle=Food), Product(id=10123, title=Ebiten maki, price=149, categoryTitle=Food), Product(id=10124, title=Cheeseburger, price=118, categoryTitle=Food), Product(id=10125, title=Lettuce, price=159, categoryTitle=Food), Product(id=10126, title=Onion, price=109, categoryTitle=Food), Product(id=10127, title=Beetroot, price=131, categoryTitle=Food), Product(id=10128, title=French Fries with Sausages, price=1886, categoryTitle=Food), Product(id=10129, title=Pasta with Tomato and Basil, price=114, categoryTitle=Food), Product(id=10130, title=Fish and Chips, price=140, categoryTitle=Food), Product(id=10131, title=Tacos, price=119, categoryTitle=Food), Product(id=10132, title=Salmon Nigiri, price=153, categoryTitle=Food), Product(id=10133, title=Barbecue Ribs, price=141, categoryTitle=Food), Product(id=10134, title=Pho, price=126, categoryTitle=Food), Product(id=10135, title=Bruschette with Tomato, price=128, categoryTitle=Food), Product(id=10136, title=Chicken Wings, price=109, categoryTitle=Food), Product(id=10137, title=California Maki, price=130, categoryTitle=Food), Product(id=10138, title=Katsu Curry, price=0, categoryTitle=Food), Product(id=10139, title=Hummus, price=-100, categoryTitle=Food), Product(id=10140, title=Fettuccine Alfredo, price=0, categoryTitle=Food), Product(id=10141, title=null, price=117, categoryTitle=Food), Product(id=10142, title=Lasagne, price=13, categoryTitle=Food), Product(id=10143, title=Katsu Curry, price=1, categoryTitle=Food), Product(id=10144, title=null, price=121, categoryTitle=Food), Product(id=10145, title=null, price=103, categoryTitle=Food), Product(id=10146, title=null, price=143, categoryTitle=Food), Product(id=10147, title=null, price=135, categoryTitle=Food), Product(id=10149, title=Zucchini, price=129, categoryTitle=Food), Product(id=10150, title=Red Pepper, price=140, categoryTitle=Food), Product(id=10155, title=Oysters, price=9990, categoryTitle=Food), Product(id=10156, title=Pomegranate, price=517, categoryTitle=Food), Product(id=10157, title=Black Eyed Beans, price=8345, categoryTitle=Food), Product(id=10158, title=Jerusalem Artichoke, price=9685, categoryTitle=Food), Product(id=10159, title=Polenta, price=93, categoryTitle=Food), Product(id=10162, title=Cinnamon, price=7546, categoryTitle=Food), Product(id=10163, title=Arepas, price=764, categoryTitle=Food), Product(id=10168, title=Scallops, price=1389, categoryTitle=Food), Product(id=10169, title=Eggplant, price=422, categoryTitle=Food), Product(id=10173, title=Seafood Paella, price=927, categoryTitle=Food), Product(id=10174, title=Som Tam, price=798, categoryTitle=Food), Product(id=10175, title=Pasta and Beans, price=573, categoryTitle=Food), Product(id=10176, title=Kebab, price=602, categoryTitle=Food), Product(id=10177, title=Barbecue Ribs, price=636, categoryTitle=Food), Product(id=10178, title=Tiramisù, price=606, categoryTitle=Food), Product(id=10179, title=Seafood Paella, price=571, categoryTitle=Food), Product(id=10180, title=Souvlaki, price=575, categoryTitle=Food), Product(id=10181, title=California Maki, price=932, categoryTitle=Food), Product(id=10182, title=Caprese Salad, price=921, categoryTitle=Food), Product(id=10183, title=Chicken Wings, price=933, categoryTitle=Food), Product(id=10193, title=Hijiki, price=-9000, categoryTitle=Food), Product(id=10196, title=null, price=169, categoryTitle=Food), Product(id=10200, title=Broccolini, price=195, categoryTitle=Food), Product(id=10201, title=Onion, price=-9000, categoryTitle=Food), Product(id=10206, title=Radicchio, price=145, categoryTitle=Food), Product(id=10207, title=Celery, price=-9000, categoryTitle=Food), Product(id=10212, title=Bean Shoots, price=154, categoryTitle=Food), Product(id=10213, title=Purple carrot, price=-9000, categoryTitle=Food), Product(id=10216, title=null, price=103, categoryTitle=Food), Product(id=10222, title=null, price=169, categoryTitle=Food), Product(id=10226, title=Zucchini, price=198, categoryTitle=Food), Product(id=10227, title=Jerusalem Artichoke, price=-9000, categoryTitle=Food), Product(id=10230, title=null, price=119, categoryTitle=Food), Product(id=10234, title=English Spinach, price=141, categoryTitle=Food), Product(id=10235, title=Snowpea sprouts, price=109, categoryTitle=Food), Product(id=10236, title=Brussels Sprouts, price=-9000, categoryTitle=Food), Product(id=10325, title=Omega Spread, price=9707, categoryTitle=Food), Product(id=10239, title=null, price=166, categoryTitle=Food), Product(id=10243, title=Red Pepper, price=159, categoryTitle=Food), Product(id=10244, title=Onion, price=193, categoryTitle=Food), Product(id=10245, title=Turnips, price=-9000, categoryTitle=Food), Product(id=10248, title=null, price=133, categoryTitle=Food), Product(id=10253, title=, price=0, categoryTitle=Food), Product(id=10254, title=Chilli Pepper, price=2010, categoryTitle=Food), Product(id=10255, title=Cauliflower, price=1361, categoryTitle=Food), Product(id=10345, title=, price=169, categoryTitle=Food), Product(id=10346, title=12345, price=193, categoryTitle=Food), Product(id=10347, title=##$$@@, price=133, categoryTitle=Food), Product(id=10348, title=support@geekbrains.ru, price=127, categoryTitle=Food), Product(id=10261, title=Swiss Chard, price=115, categoryTitle=Food), Product(id=10262, title=Artichoke, price=173, categoryTitle=Food), Product(id=10372, title=support@geekbrains.ru, price=177, categoryTitle=Food), Product(id=10387, title=, price=173, categoryTitle=Food), Product(id=10388, title=12345, price=160, categoryTitle=Food), Product(id=10389, title=##$$@@, price=149, categoryTitle=Food), Product(id=10390, title=support@geekbrains.ru, price=191, categoryTitle=Food), Product(id=10400, title=Som Tam, price=766, categoryTitle=Food), Product(id=10271, title=Cheeseburger, price=135, categoryTitle=Food), Product(id=10405, title=, price=170, categoryTitle=Food), Product(id=10406, title=12345, price=120, categoryTitle=Food), Product(id=10276, title=Swiss Chard, price=174, categoryTitle=Food), Product(id=10277, title=Kale, price=164, categoryTitle=Food), Product(id=10278, title=Snowpea sprouts, price=159, categoryTitle=Food), Product(id=10279, title=Beans, price=128, categoryTitle=Food), Product(id=10280, title=Pumpkin, price=177, categoryTitle=Food), Product(id=10281, title=Leeks, price=151, categoryTitle=Food), Product(id=10282, title=Broccoli, price=121, categoryTitle=Food), Product(id=10283, title=Artichoke, price=101, categoryTitle=Food), Product(id=10284, title=Artichoke, price=111, categoryTitle=Food), Product(id=10285, title=Tamari, price=7601, categoryTitle=Food), Product(id=10286, title=Bok Choy, price=122, categoryTitle=Food), Product(id=10287, title=null, price=125, categoryTitle=Food), Product(id=10407, title=##$$@@, price=123, categoryTitle=Food), Product(id=10408, title=support@geekbrains.ru, price=157, categoryTitle=Food), Product(id=10414, title=, price=194, categoryTitle=Food), Product(id=10300, title=Arugula, price=-9000, categoryTitle=Food), Product(id=10415, title=12345, price=126, categoryTitle=Food), Product(id=10416, title=##$$@@, price=196, categoryTitle=Food), Product(id=10303, title=Snowpea sprouts, price=157, categoryTitle=Food), Product(id=10417, title=support@geekbrains.ru, price=114, categoryTitle=Food), Product(id=10304, title=Pumpkin, price=-9000, categoryTitle=Food), Product(id=10307, title=null, price=198, categoryTitle=Food), Product(id=10311, title=Garlic, price=121, categoryTitle=Food), Product(id=10312, title=Cornichons, price=-9000, categoryTitle=Food), Product(id=10315, title=null, price=187, categoryTitle=Food), Product(id=10418, title=Meatballs with Sauce, price=752, categoryTitle=Food), Product(id=10423, title=, price=129, categoryTitle=Food), Product(id=10424, title=12345, price=185, categoryTitle=Food), Product(id=10425, title=##$$@@, price=175, categoryTitle=Food), Product(id=10426, title=support@geekbrains.ru, price=171, categoryTitle=Food), Product(id=10427, title=Risotto with Seafood, price=626, categoryTitle=Food), Product(id=10432, title=, price=142, categoryTitle=Food), Product(id=10433, title=12345, price=194, categoryTitle=Food), Product(id=10434, title=##$$@@, price=177, categoryTitle=Food), Product(id=10435, title=support@geekbrains.ru, price=153, categoryTitle=Food), Product(id=10436, title=Chicken Wings, price=921, categoryTitle=Food), Product(id=10441, title=, price=182, categoryTitle=Food), Product(id=10442, title=12345, price=126, categoryTitle=Food), Product(id=10443, title=##$$@@, price=104, categoryTitle=Food), Product(id=10444, title=support@geekbrains.ru, price=131, categoryTitle=Food), Product(id=9189, title=dried Chinese Broccoli, price=120, categoryTitle=Food), Product(id=10445, title=Ebiten maki, price=923, categoryTitle=Food), Product(id=10450, title=, price=143, categoryTitle=Food), Product(id=10451, title=12345, price=194, categoryTitle=Food), Product(id=10452, title=##$$@@, price=115, categoryTitle=Food), Product(id=10453, title=support@geekbrains.ru, price=130, categoryTitle=Food), Product(id=10454, title=Ebiten maki, price=574, categoryTitle=Food), Product(id=10459, title=, price=170, categoryTitle=Food), Product(id=10460, title=12345, price=107, categoryTitle=Food), Product(id=10461, title=##$$@@, price=176, categoryTitle=Food), Product(id=10462, title=support@geekbrains.ru, price=171, categoryTitle=Food)])
Category title: Food
Category 'type FOOD' title: Food
13:08:58.304 [main] INFO ru.glazov66.tests.CategoryTests - Product(id=10349, title=Caesar Salad, price=0, categoryTitle=Food)
]]></system-out>
    <system-err><![CDATA[июл. 23, 2021 1:08:58 PM okhttp3.internal.platform.Platform log
INFO: --> GET http://80.78.248.82:8189/market/api/v1/categories/1
июл. 23, 2021 1:08:58 PM okhttp3.internal.platform.Platform log
INFO: <-- 200 http://80.78.248.82:8189/market/api/v1/categories/1 (17ms, unknown-length body)
]]></system-err>
  </testcase>
  <testcase name="getCategoryByNoexistIdTest" classname="ru.glazov66.tests.CategoryTests" time="0.064">
    <system-out><![CDATA[13:08:58.430 [main] INFO ru.glazov66.tests.CategoryTests - INCORRECT_CATEGORY_ID:1083
13:08:58.430 [main] INFO ru.glazov66.tests.CategoryTests - response.code:404
]]></system-out>
    <system-err><![CDATA[июл. 23, 2021 1:08:58 PM okhttp3.internal.platform.Platform log
INFO: --> GET http://80.78.248.82:8189/market/api/v1/categories/1083
июл. 23, 2021 1:08:58 PM okhttp3.internal.platform.Platform log
INFO: <-- 404 http://80.78.248.82:8189/market/api/v1/categories/1083 (6ms, unknown-length body)
]]></system-err>
  </testcase>
</testsuite>